2025-04-26 13:22:53,528 - visualiris.py[line:20] - INFO: First 5 rows of the dataset:
   SpealLength  Spealwidth  PetalLength  PetalLength
0          5.1         3.5          1.4          0.2
1          4.9         3.0          1.4          0.2
2          4.7         3.2          1.3          0.2
3          4.6         3.1          1.5          0.2
4          5.0         3.6          1.4          0.2
2025-04-26 13:22:53,537 - visualiris.py[line:21] - INFO: Descriptive statistics of the dataset:
       SpealLength  Spealwidth  PetalLength  PetalLength
count   150.000000  150.000000   150.000000   150.000000
mean      5.843333    3.057333     3.758000     1.199333
std       0.828066    0.435866     1.765298     0.762238
min       4.300000    2.000000     1.000000     0.100000
25%       5.100000    2.800000     1.600000     0.300000
50%       5.800000    3.000000     4.350000     1.300000
75%       6.400000    3.300000     5.100000     1.800000
max       7.900000    4.400000     6.900000     2.500000
2025-04-26 13:23:01,330 - mliris.py[line:115] - INFO: 
SVM Performance:
2025-04-26 13:23:01,330 - mliris.py[line:116] - INFO: Accuracy: 0.9667
2025-04-26 13:23:01,330 - mliris.py[line:117] - INFO: Precision (macro): 0.9697
2025-04-26 13:23:01,330 - mliris.py[line:118] - INFO: Recall/Sensitivity (macro): 0.9667
2025-04-26 13:23:01,330 - mliris.py[line:119] - INFO: Specificity (macro): 0.9833
2025-04-26 13:23:01,330 - mliris.py[line:120] - INFO: AUROC (OvR): 0.9967
2025-04-26 13:23:01,330 - mliris.py[line:121] - INFO: AUPR: 0.9939
2025-04-26 13:23:01,330 - mliris.py[line:122] - INFO: 
Classification Report:
2025-04-26 13:23:01,339 - mliris.py[line:123] - INFO:               precision    recall  f1-score   support

      setosa       1.00      1.00      1.00        10
  versicolor       1.00      0.90      0.95        10
   virginica       0.91      1.00      0.95        10

    accuracy                           0.97        30
   macro avg       0.97      0.97      0.97        30
weighted avg       0.97      0.97      0.97        30

2025-04-26 13:23:01,339 - mliris.py[line:124] - INFO: Confusion Matrix:

2025-04-26 13:23:01,339 - mliris.py[line:125] - INFO:             setosa  versicolor  virginica
setosa          10           0          0
versicolor       0           9          1
virginica        0           0         10
2025-04-26 13:23:02,030 - mliris.py[line:115] - INFO: 
Random Forest Performance:
2025-04-26 13:23:02,030 - mliris.py[line:116] - INFO: Accuracy: 0.9000
2025-04-26 13:23:02,035 - mliris.py[line:117] - INFO: Precision (macro): 0.9024
2025-04-26 13:23:02,035 - mliris.py[line:118] - INFO: Recall/Sensitivity (macro): 0.9000
2025-04-26 13:23:02,036 - mliris.py[line:119] - INFO: Specificity (macro): 0.9500
2025-04-26 13:23:02,036 - mliris.py[line:120] - INFO: AUROC (OvR): 0.9933
2025-04-26 13:23:02,036 - mliris.py[line:121] - INFO: AUPR: 0.9881
2025-04-26 13:23:02,036 - mliris.py[line:122] - INFO: 
Classification Report:
2025-04-26 13:23:02,038 - mliris.py[line:123] - INFO:               precision    recall  f1-score   support

      setosa       1.00      1.00      1.00        10
  versicolor       0.82      0.90      0.86        10
   virginica       0.89      0.80      0.84        10

    accuracy                           0.90        30
   macro avg       0.90      0.90      0.90        30
weighted avg       0.90      0.90      0.90        30

2025-04-26 13:23:02,038 - mliris.py[line:124] - INFO: Confusion Matrix:

2025-04-26 13:23:02,038 - mliris.py[line:125] - INFO:             setosa  versicolor  virginica
setosa          10           0          0
versicolor       0           9          1
virginica        0           2          8
2025-04-26 13:23:02,674 - mliris.py[line:115] - INFO: 
MLP Performance:
2025-04-26 13:23:02,674 - mliris.py[line:116] - INFO: Accuracy: 0.9667
2025-04-26 13:23:02,674 - mliris.py[line:117] - INFO: Precision (macro): 0.9697
2025-04-26 13:23:02,674 - mliris.py[line:118] - INFO: Recall/Sensitivity (macro): 0.9667
2025-04-26 13:23:02,674 - mliris.py[line:119] - INFO: Specificity (macro): 0.9833
2025-04-26 13:23:02,678 - mliris.py[line:120] - INFO: AUROC (OvR): 1.0000
2025-04-26 13:23:02,678 - mliris.py[line:121] - INFO: AUPR: 1.0000
2025-04-26 13:23:02,678 - mliris.py[line:122] - INFO: 
Classification Report:
2025-04-26 13:23:02,682 - mliris.py[line:123] - INFO:               precision    recall  f1-score   support

      setosa       1.00      1.00      1.00        10
  versicolor       1.00      0.90      0.95        10
   virginica       0.91      1.00      0.95        10

    accuracy                           0.97        30
   macro avg       0.97      0.97      0.97        30
weighted avg       0.97      0.97      0.97        30

2025-04-26 13:23:02,682 - mliris.py[line:124] - INFO: Confusion Matrix:

2025-04-26 13:23:02,682 - mliris.py[line:125] - INFO:             setosa  versicolor  virginica
setosa          10           0          0
versicolor       0           9          1
virginica        0           0         10
